app/build/outputs/logs/manifest-merger-debug-report.txt
-- Merging decision tree log ---
manifest
ADDED from src/main/AndroidManifest.xml:2:1-51:12
	xmlns:android
		ADDED from src/main/AndroidManifest.xml:2:11-69
	package
		ADDED from src/main/AndroidManifest.xml:3:5-37
		INJECTED from src/main/AndroidManifest.xml
		INJECTED from src/main/AndroidManifest.xml
	android:versionName
		ADDED from src/main/AndroidManifest.xml:5:5-30
		INJECTED from src/main/AndroidManifest.xml
		INJECTED from src/main/AndroidManifest.xml
	android:versionCode
		ADDED from src/main/AndroidManifest.xml:4:5-28
		INJECTED from src/main/AndroidManifest.xml
		INJECTED from src/main/AndroidManifest.xml
uses-sdk
ADDED from src/main/AndroidManifest.xml:7:5-9:41
MERGED from [com.android.support:multidex:1.0.1] AndroidManifest.xml:18:5-42
MERGED from [com.github.rampo.updatechecker:library:2.1.8] AndroidManifest.xml:7:5-9:41
MERGED from [com.android.support:support-v4:23.1.1] AndroidManifest.xml:20:5-43
MERGED from [com.android.support:appcompat-v7:23.1.1] AndroidManifest.xml:20:5-43
MERGED from [com.android.support:support-v4:23.1.1] AndroidManifest.xml:20:5-43
MERGED from [com.android.support:support-v4:23.1.1] AndroidManifest.xml:20:5-43
	android:targetSdkVersion
		ADDED from src/main/AndroidManifest.xml:9:9-38
		INJECTED from src/main/AndroidManifest.xml
		INJECTED from src/main/AndroidManifest.xml
	android:minSdkVersion
		ADDED from src/main/AndroidManifest.xml:8:9-35
		INJECTED from src/main/AndroidManifest.xml
		INJECTED from src/main/AndroidManifest.xml
uses-permission#android.permission.INTERNET
ADDED from src/main/AndroidManifest.xml:10:5-11:20
	android:name
		ADDED from src/main/AndroidManifest.xml:10:22-64
uses-permission#android.permission.WAKE_LOCK
ADDED from src/main/AndroidManifest.xml:12:2-65
	android:name
		ADDED from src/main/AndroidManifest.xml:12:19-62
uses-permission#android.permission.ACCESS_NETWORK_STATE
ADDED from src/main/AndroidManifest.xml:14:2-15:20
	android:name
		ADDED from src/main/AndroidManifest.xml:14:19-73
uses-permission#android.permission.ACCESS_WIFI_STATE
ADDED from src/main/AndroidManifest.xml:16:2-72
	android:name
		ADDED from src/main/AndroidManifest.xml:16:19-70
uses-permission#android.permission.CHANGE_WIFI_STATE
ADDED from src/main/AndroidManifest.xml:17:2-72
	android:name
		ADDED from src/main/AndroidManifest.xml:17:19-70
uses-permission#android.permission.WRITE_EXTERNAL_STORAGE
ADDED from src/main/AndroidManifest.xml:19:2-78
	android:name
		ADDED from src/main/AndroidManifest.xml:19:19-75
application
ADDED from src/main/AndroidManifest.xml:21:5-49:19
MERGED from [com.android.support:support-v4:23.1.1] AndroidManifest.xml:22:5-20
MERGED from [com.android.support:appcompat-v7:23.1.1] AndroidManifest.xml:22:5-20
MERGED from [com.android.support:support-v4:23.1.1] AndroidManifest.xml:22:5-20
MERGED from [com.android.support:support-v4:23.1.1] AndroidManifest.xml:22:5-20
	android:label
		ADDED from src/main/AndroidManifest.xml:24:9-41
	android:allowBackup
		ADDED from src/main/AndroidManifest.xml:22:9-35
	android:icon
		ADDED from src/main/AndroidManifest.xml:23:9-49
	android:theme
		ADDED from src/main/AndroidManifest.xml:25:9-40
	android:logo
		ADDED from src/main/AndroidManifest.xml:25:41-81
activity#com.iitb.loadgenerator.MainActivity
ADDED from src/main/AndroidManifest.xml:28:9-38:20
	android:label
		ADDED from src/main/AndroidManifest.xml:30:13-45
	android:name
		ADDED from src/main/AndroidManifest.xml:29:13-41
	android:launchMode
		ADDED from src/main/AndroidManifest.xml:31:13-44
intent-filter#android.intent.action.MAIN+android.intent.category.LAUNCHER
ADDED from src/main/AndroidManifest.xml:32:13-36:29
action#android.intent.action.MAIN
ADDED from src/main/AndroidManifest.xml:33:17-69
	android:name
		ADDED from src/main/AndroidManifest.xml:33:25-66
category#android.intent.category.LAUNCHER
ADDED from src/main/AndroidManifest.xml:35:17-77
	android:name
		ADDED from src/main/AndroidManifest.xml:35:27-74
service#com.iitb.loadgenerator.BackgroundService
ADDED from src/main/AndroidManifest.xml:39:9-41:39
	android:exported
		ADDED from src/main/AndroidManifest.xml:41:13-37
	android:name
		ADDED from src/main/AndroidManifest.xml:40:13-46
service#com.iitb.loadgenerator.DownloaderService
ADDED from src/main/AndroidManifest.xml:42:9-44:39
	android:exported
		ADDED from src/main/AndroidManifest.xml:44:13-37
	android:name
		ADDED from src/main/AndroidManifest.xml:43:13-46
receiver#com.iitb.loadgenerator.AlarmReceiver
ADDED from src/main/AndroidManifest.xml:45:9-46:20
	android:name
		ADDED from src/main/AndroidManifest.xml:45:19-48
receiver#com.iitb.loadgenerator.ResponseReceiver
ADDED from src/main/AndroidManifest.xml:47:9-48:20
	android:name
		ADDED from src/main/AndroidManifest.xml:47:19-51